{"C:\\Users\\asim\\Desktop\\MovieHub\\frontend\\src\\api\\axiosConfig.js": {"path":"C:\\Users\\asim\\Desktop\\MovieHub\\frontend\\src\\api\\axiosConfig.js","statementMap":{"0":{"start":{"line":4,"column":29},"end":{"line":4,"column":59}},"1":{"start":{"line":5,"column":30},"end":{"line":5,"column":63}},"2":{"start":{"line":6,"column":28},"end":{"line":6,"column":62}},"3":{"start":{"line":8,"column":28},"end":{"line":8,"column":35}},"4":{"start":{"line":10,"column":22},"end":{"line":13,"column":2}},"5":{"start":{"line":16,"column":0},"end":{"line":22,"column":3}},"6":{"start":{"line":17,"column":18},"end":{"line":17,"column":47}},"7":{"start":{"line":18,"column":4},"end":{"line":20,"column":5}},"8":{"start":{"line":19,"column":8},"end":{"line":19,"column":57}},"9":{"start":{"line":21,"column":4},"end":{"line":21,"column":18}}},"fnMap":{"0":{"name":"(anonymous_0)","decl":{"start":{"line":16,"column":39},"end":{"line":16,"column":40}},"loc":{"start":{"line":16,"column":51},"end":{"line":22,"column":1}},"line":16}},"branchMap":{"0":{"loc":{"start":{"line":18,"column":4},"end":{"line":20,"column":5}},"type":"if","locations":[{"start":{"line":18,"column":4},"end":{"line":20,"column":5}},{"start":{},"end":{}}],"line":18}},"s":{"0":2,"1":2,"2":2,"3":2,"4":2,"5":2,"6":0,"7":0,"8":0,"9":0},"f":{"0":0},"b":{"0":[0,0]},"meta":{"lastBranch":1,"lastFunction":1,"lastStatement":10,"seen":{"s:4:29:4:59":0,"s:5:30:5:63":1,"s:6:28:6:62":2,"s:8:28:8:35":3,"s:10:22:13:2":4,"s:16:0:22:3":5,"f:16:39:16:40":0,"s:17:18:17:47":6,"b:18:4:20:5:undefined:undefined:undefined:undefined":0,"s:18:4:20:5":7,"s:19:8:19:57":8,"s:21:4:21:18":9}}}
,"C:\\Users\\asim\\Desktop\\MovieHub\\frontend\\src\\components\\HeroSection.jsx": {"path":"C:\\Users\\asim\\Desktop\\MovieHub\\frontend\\src\\components\\HeroSection.jsx","statementMap":{"0":{"start":{"line":6,"column":8},"end":{"line":6,"column":null}},"1":{"start":{"line":8,"column":21},"end":{"line":8,"column":null}},"2":{"start":{"line":10,"column":23},"end":{"line":18,"column":null}},"3":{"start":{"line":11,"column":4},"end":{"line":17,"column":null}},"4":{"start":{"line":13,"column":6},"end":{"line":13,"column":null}},"5":{"start":{"line":16,"column":6},"end":{"line":16,"column":null}},"6":{"start":{"line":20,"column":26},"end":{"line":25,"column":null}},"7":{"start":{"line":21,"column":4},"end":{"line":24,"column":null}},"8":{"start":{"line":27,"column":2},"end":{"line":112,"column":null}}},"fnMap":{"0":{"name":"HeroSection","decl":{"start":{"line":5,"column":16},"end":{"line":5,"column":30}},"loc":{"start":{"line":5,"column":30},"end":{"line":114,"column":null}},"line":5},"1":{"name":"(anonymous_1)","decl":{"start":{"line":10,"column":23},"end":{"line":10,"column":29}},"loc":{"start":{"line":10,"column":29},"end":{"line":18,"column":null}},"line":10},"2":{"name":"(anonymous_2)","decl":{"start":{"line":20,"column":26},"end":{"line":20,"column":32}},"loc":{"start":{"line":20,"column":32},"end":{"line":25,"column":null}},"line":20}},"branchMap":{"0":{"loc":{"start":{"line":11,"column":4},"end":{"line":17,"column":null}},"type":"if","locations":[{"start":{"line":11,"column":4},"end":{"line":17,"column":null}},{"start":{"line":14,"column":11},"end":{"line":17,"column":null}}],"line":11},"1":{"loc":{"start":{"line":78,"column":13},"end":{"line":81,"column":null}},"type":"cond-expr","locations":[{"start":{"line":79,"column":14},"end":{"line":79,"column":null}},{"start":{"line":81,"column":14},"end":{"line":81,"column":null}}],"line":78},"2":{"loc":{"start":{"line":85,"column":15},"end":{"line":85,"column":null}},"type":"cond-expr","locations":[{"start":{"line":85,"column":28},"end":{"line":85,"column":49}},{"start":{"line":85,"column":49},"end":{"line":85,"column":null}}],"line":85}},"s":{"0":3,"1":3,"2":3,"3":0,"4":0,"5":0,"6":3,"7":1,"8":3},"f":{"0":3,"1":0,"2":1},"b":{"0":[0,0],"1":[1,2],"2":[1,2]},"meta":{"lastBranch":3,"lastFunction":3,"lastStatement":9,"seen":{"f:5:16:5:30":0,"s:6:8:6:Infinity":0,"s:8:21:8:Infinity":1,"s:10:23:18:Infinity":2,"f:10:23:10:29":1,"b:11:4:17:Infinity:14:11:17:Infinity":0,"s:11:4:17:Infinity":3,"s:13:6:13:Infinity":4,"s:16:6:16:Infinity":5,"s:20:26:25:Infinity":6,"f:20:26:20:32":2,"s:21:4:24:Infinity":7,"s:27:2:112:Infinity":8,"b:79:14:79:Infinity:81:14:81:Infinity":1,"b:85:28:85:49:85:49:85:Infinity":2}}}
,"C:\\Users\\asim\\Desktop\\MovieHub\\frontend\\src\\components\\MovieCard.jsx": {"path":"C:\\Users\\asim\\Desktop\\MovieHub\\frontend\\src\\components\\MovieCard.jsx","statementMap":{"0":{"start":{"line":8,"column":10},"end":{"line":8,"column":null}},"1":{"start":{"line":9,"column":19},"end":{"line":9,"column":null}},"2":{"start":{"line":11,"column":31},"end":{"line":56,"column":null}},"3":{"start":{"line":12,"column":8},"end":{"line":12,"column":null}},"4":{"start":{"line":14,"column":22},"end":{"line":14,"column":null}},"5":{"start":{"line":15,"column":8},"end":{"line":21,"column":null}},"6":{"start":{"line":16,"column":12},"end":{"line":19,"column":null}},"7":{"start":{"line":20,"column":12},"end":{"line":20,"column":null}},"8":{"start":{"line":23,"column":29},"end":{"line":23,"column":null}},"9":{"start":{"line":25,"column":8},"end":{"line":55,"column":null}},"10":{"start":{"line":26,"column":12},"end":{"line":30,"column":null}},"11":{"start":{"line":33,"column":12},"end":{"line":42,"column":null}},"12":{"start":{"line":44,"column":33},"end":{"line":44,"column":null}},"13":{"start":{"line":47,"column":12},"end":{"line":54,"column":null}},"14":{"start":{"line":58,"column":4},"end":{"line":119,"column":null}},"15":{"start":{"line":61,"column":27},"end":{"line":61,"column":null}},"16":{"start":{"line":69,"column":38},"end":{"line":69,"column":106}},"17":{"start":{"line":83,"column":46},"end":{"line":83,"column":67}},"18":{"start":{"line":83,"column":67},"end":{"line":83,"column":99}}},"fnMap":{"0":{"name":"MovieCard","decl":{"start":{"line":7,"column":16},"end":{"line":7,"column":26}},"loc":{"start":{"line":7,"column":37},"end":{"line":121,"column":null}},"line":7},"1":{"name":"(anonymous_1)","decl":{"start":{"line":11,"column":31},"end":{"line":11,"column":38}},"loc":{"start":{"line":11,"column":44},"end":{"line":56,"column":null}},"line":11},"2":{"name":"(anonymous_2)","decl":{"start":{"line":61,"column":21},"end":{"line":61,"column":27}},"loc":{"start":{"line":61,"column":27},"end":{"line":61,"column":null}},"line":61},"3":{"name":"(anonymous_3)","decl":{"start":{"line":69,"column":29},"end":{"line":69,"column":30}},"loc":{"start":{"line":69,"column":36},"end":{"line":69,"column":null}},"line":69},"4":{"name":"(anonymous_4)","decl":{"start":{"line":83,"column":37},"end":{"line":83,"column":38}},"loc":{"start":{"line":83,"column":44},"end":{"line":83,"column":null}},"line":83}},"branchMap":{"0":{"loc":{"start":{"line":9,"column":19},"end":{"line":9,"column":null}},"type":"cond-expr","locations":[{"start":{"line":9,"column":40},"end":{"line":9,"column":72}},{"start":{"line":9,"column":72},"end":{"line":9,"column":null}}],"line":9},"1":{"loc":{"start":{"line":15,"column":8},"end":{"line":21,"column":null}},"type":"if","locations":[{"start":{"line":15,"column":8},"end":{"line":21,"column":null}},{"start":{},"end":{}}],"line":15},"2":{"loc":{"start":{"line":44,"column":33},"end":{"line":44,"column":null}},"type":"binary-expr","locations":[{"start":{"line":44,"column":33},"end":{"line":44,"column":62}},{"start":{"line":44,"column":62},"end":{"line":44,"column":null}}],"line":44},"3":{"loc":{"start":{"line":76,"column":25},"end":{"line":76,"column":null}},"type":"binary-expr","locations":[{"start":{"line":76,"column":25},"end":{"line":76,"column":43}},{"start":{"line":76,"column":43},"end":{"line":76,"column":null}}],"line":76},"4":{"loc":{"start":{"line":111,"column":25},"end":{"line":111,"column":null}},"type":"cond-expr","locations":[{"start":{"line":111,"column":46},"end":{"line":111,"column":81}},{"start":{"line":111,"column":81},"end":{"line":111,"column":null}}],"line":111}},"s":{"0":3,"1":3,"2":3,"3":0,"4":0,"5":0,"6":0,"7":0,"8":0,"9":0,"10":0,"11":0,"12":0,"13":0,"14":3,"15":0,"16":0,"17":0,"18":0},"f":{"0":3,"1":0,"2":0,"3":0,"4":0},"b":{"0":[3,0],"1":[0,0],"2":[0,0],"3":[3,0],"4":[3,0]},"meta":{"lastBranch":5,"lastFunction":5,"lastStatement":19,"seen":{"f:7:16:7:26":0,"s:8:10:8:Infinity":0,"s:9:19:9:Infinity":1,"b:9:40:9:72:9:72:9:Infinity":0,"s:11:31:56:Infinity":2,"f:11:31:11:38":1,"s:12:8:12:Infinity":3,"s:14:22:14:Infinity":4,"b:15:8:21:Infinity:undefined:undefined:undefined:undefined":1,"s:15:8:21:Infinity":5,"s:16:12:19:Infinity":6,"s:20:12:20:Infinity":7,"s:23:29:23:Infinity":8,"s:25:8:55:Infinity":9,"s:26:12:30:Infinity":10,"s:33:12:42:Infinity":11,"s:44:33:44:Infinity":12,"b:44:33:44:62:44:62:44:Infinity":2,"s:47:12:54:Infinity":13,"s:58:4:119:Infinity":14,"f:61:21:61:27":2,"s:61:27:61:Infinity":15,"f:69:29:69:30":3,"s:69:38:69:106":16,"b:76:25:76:43:76:43:76:Infinity":3,"f:83:37:83:38":4,"s:83:46:83:67":17,"s:83:67:83:99":18,"b:111:46:111:81:111:81:111:Infinity":4}}}
,"C:\\Users\\asim\\Desktop\\MovieHub\\frontend\\src\\components\\footer\\Footer.jsx": {"path":"C:\\Users\\asim\\Desktop\\MovieHub\\frontend\\src\\components\\footer\\Footer.jsx","statementMap":{"0":{"start":{"line":5,"column":15},"end":{"line":66,"column":null}},"1":{"start":{"line":6,"column":2},"end":{"line":64,"column":null}},"2":{"start":{"line":47,"column":14},"end":{"line":53,"column":null}}},"fnMap":{"0":{"name":"(anonymous_0)","decl":{"start":{"line":5,"column":15},"end":{"line":5,"column":21}},"loc":{"start":{"line":5,"column":21},"end":{"line":66,"column":null}},"line":5},"1":{"name":"(anonymous_1)","decl":{"start":{"line":46,"column":56},"end":{"line":46,"column":57}},"loc":{"start":{"line":47,"column":14},"end":{"line":53,"column":null}},"line":47}},"branchMap":{},"s":{"0":1,"1":1,"2":4},"f":{"0":1,"1":4},"b":{},"meta":{"lastBranch":0,"lastFunction":2,"lastStatement":3,"seen":{"s:5:15:66:Infinity":0,"f:5:15:5:21":0,"s:6:2:64:Infinity":1,"f:46:56:46:57":1,"s:47:14:53:Infinity":2}}}
,"C:\\Users\\asim\\Desktop\\MovieHub\\frontend\\src\\pages\\MyVault.jsx": {"path":"C:\\Users\\asim\\Desktop\\MovieHub\\frontend\\src\\pages\\MyVault.jsx","statementMap":{"0":{"start":{"line":7,"column":16},"end":{"line":155,"column":null}},"1":{"start":{"line":8,"column":28},"end":{"line":8,"column":null}},"2":{"start":{"line":9,"column":30},"end":{"line":9,"column":null}},"3":{"start":{"line":10,"column":10},"end":{"line":10,"column":null}},"4":{"start":{"line":12,"column":4},"end":{"line":27,"column":null}},"5":{"start":{"line":13,"column":29},"end":{"line":25,"column":null}},"6":{"start":{"line":14,"column":12},"end":{"line":24,"column":null}},"7":{"start":{"line":15,"column":33},"end":{"line":15,"column":null}},"8":{"start":{"line":16,"column":16},"end":{"line":16,"column":null}},"9":{"start":{"line":18,"column":13},"end":{"line":18,"column":null}},"10":{"start":{"line":19,"column":13},"end":{"line":19,"column":null}},"11":{"start":{"line":20,"column":13},"end":{"line":20,"column":null}},"12":{"start":{"line":23,"column":16},"end":{"line":23,"column":null}},"13":{"start":{"line":26,"column":8},"end":{"line":26,"column":null}},"14":{"start":{"line":29,"column":30},"end":{"line":38,"column":null}},"15":{"start":{"line":30,"column":8},"end":{"line":37,"column":null}},"16":{"start":{"line":31,"column":12},"end":{"line":31,"column":null}},"17":{"start":{"line":32,"column":12},"end":{"line":32,"column":null}},"18":{"start":{"line":32,"column":30},"end":{"line":32,"column":78}},"19":{"start":{"line":32,"column":51},"end":{"line":32,"column":77}},"20":{"start":{"line":33,"column":12},"end":{"line":33,"column":null}},"21":{"start":{"line":35,"column":4},"end":{"line":35,"column":null}},"22":{"start":{"line":36,"column":4},"end":{"line":36,"column":null}},"23":{"start":{"line":40,"column":4},"end":{"line":44,"column":null}},"24":{"start":{"line":40,"column":17},"end":{"line":44,"column":null}},"25":{"start":{"line":47,"column":4},"end":{"line":153,"column":null}},"26":{"start":{"line":59,"column":39},"end":{"line":59,"column":null}},"27":{"start":{"line":121,"column":28},"end":{"line":148,"column":null}},"28":{"start":{"line":124,"column":51},"end":{"line":124,"column":null}},"29":{"start":{"line":135,"column":44},"end":{"line":135,"column":null}},"30":{"start":{"line":136,"column":44},"end":{"line":136,"column":null}}},"fnMap":{"0":{"name":"(anonymous_0)","decl":{"start":{"line":7,"column":16},"end":{"line":7,"column":22}},"loc":{"start":{"line":7,"column":22},"end":{"line":155,"column":null}},"line":7},"1":{"name":"(anonymous_1)","decl":{"start":{"line":12,"column":14},"end":{"line":12,"column":20}},"loc":{"start":{"line":12,"column":20},"end":{"line":27,"column":7}},"line":12},"2":{"name":"(anonymous_2)","decl":{"start":{"line":13,"column":29},"end":{"line":13,"column":41}},"loc":{"start":{"line":13,"column":41},"end":{"line":25,"column":null}},"line":13},"3":{"name":"(anonymous_3)","decl":{"start":{"line":29,"column":30},"end":{"line":29,"column":37}},"loc":{"start":{"line":29,"column":49},"end":{"line":38,"column":null}},"line":29},"4":{"name":"(anonymous_4)","decl":{"start":{"line":32,"column":22},"end":{"line":32,"column":30}},"loc":{"start":{"line":32,"column":30},"end":{"line":32,"column":78}},"line":32},"5":{"name":"(anonymous_5)","decl":{"start":{"line":32,"column":42},"end":{"line":32,"column":51}},"loc":{"start":{"line":32,"column":51},"end":{"line":32,"column":77}},"line":32},"6":{"name":"(anonymous_6)","decl":{"start":{"line":59,"column":33},"end":{"line":59,"column":39}},"loc":{"start":{"line":59,"column":39},"end":{"line":59,"column":null}},"line":59},"7":{"name":"(anonymous_7)","decl":{"start":{"line":120,"column":36},"end":{"line":120,"column":37}},"loc":{"start":{"line":121,"column":28},"end":{"line":148,"column":null}},"line":121},"8":{"name":"(anonymous_8)","decl":{"start":{"line":124,"column":45},"end":{"line":124,"column":51}},"loc":{"start":{"line":124,"column":51},"end":{"line":124,"column":null}},"line":124},"9":{"name":"(anonymous_9)","decl":{"start":{"line":134,"column":49},"end":{"line":134,"column":50}},"loc":{"start":{"line":134,"column":56},"end":{"line":137,"column":null}},"line":134}},"branchMap":{"0":{"loc":{"start":{"line":16,"column":26},"end":{"line":16,"column":75}},"type":"cond-expr","locations":[{"start":{"line":16,"column":57},"end":{"line":16,"column":73}},{"start":{"line":16,"column":73},"end":{"line":16,"column":75}}],"line":16},"1":{"loc":{"start":{"line":40,"column":4},"end":{"line":44,"column":null}},"type":"if","locations":[{"start":{"line":40,"column":4},"end":{"line":44,"column":null}},{"start":{},"end":{}}],"line":40},"2":{"loc":{"start":{"line":114,"column":17},"end":{"line":150,"column":null}},"type":"cond-expr","locations":[{"start":{"line":115,"column":20},"end":{"line":117,"column":null}},{"start":{"line":119,"column":20},"end":{"line":150,"column":null}}],"line":114},"3":{"loc":{"start":{"line":127,"column":45},"end":{"line":127,"column":null}},"type":"cond-expr","locations":[{"start":{"line":127,"column":65},"end":{"line":127,"column":107}},{"start":{"line":127,"column":107},"end":{"line":127,"column":null}}],"line":127}},"s":{"0":1,"1":5,"2":5,"3":5,"4":5,"5":3,"6":3,"7":3,"8":2,"9":0,"10":0,"11":0,"12":2,"13":3,"14":5,"15":0,"16":0,"17":0,"18":0,"19":0,"20":0,"21":0,"22":0,"23":5,"24":3,"25":2,"26":0,"27":2,"28":0,"29":0,"30":0},"f":{"0":5,"1":3,"2":3,"3":0,"4":0,"5":0,"6":0,"7":2,"8":0,"9":0},"b":{"0":[2,0],"1":[3,2],"2":[1,1],"3":[2,0]},"meta":{"lastBranch":4,"lastFunction":10,"lastStatement":31,"seen":{"s:7:16:155:Infinity":0,"f:7:16:7:22":0,"s:8:28:8:Infinity":1,"s:9:30:9:Infinity":2,"s:10:10:10:Infinity":3,"s:12:4:27:Infinity":4,"f:12:14:12:20":1,"s:13:29:25:Infinity":5,"f:13:29:13:41":2,"s:14:12:24:Infinity":6,"s:15:33:15:Infinity":7,"s:16:16:16:Infinity":8,"b:16:57:16:73:16:73:16:75":0,"s:18:13:18:Infinity":9,"s:19:13:19:Infinity":10,"s:20:13:20:Infinity":11,"s:23:16:23:Infinity":12,"s:26:8:26:Infinity":13,"s:29:30:38:Infinity":14,"f:29:30:29:37":3,"s:30:8:37:Infinity":15,"s:31:12:31:Infinity":16,"s:32:12:32:Infinity":17,"f:32:22:32:30":4,"s:32:30:32:78":18,"f:32:42:32:51":5,"s:32:51:32:77":19,"s:33:12:33:Infinity":20,"s:35:4:35:Infinity":21,"s:36:4:36:Infinity":22,"b:40:4:44:Infinity:undefined:undefined:undefined:undefined":1,"s:40:4:44:Infinity":23,"s:40:17:44:Infinity":24,"s:47:4:153:Infinity":25,"f:59:33:59:39":6,"s:59:39:59:Infinity":26,"b:115:20:117:Infinity:119:20:150:Infinity":2,"f:120:36:120:37":7,"s:121:28:148:Infinity":27,"f:124:45:124:51":8,"s:124:51:124:Infinity":28,"b:127:65:127:107:127:107:127:Infinity":3,"f:134:49:134:50":9,"s:135:44:135:Infinity":29,"s:136:44:136:Infinity":30}}}
,"C:\\Users\\asim\\Desktop\\MovieHub\\frontend\\src\\pages\\auth\\Register.jsx": {"path":"C:\\Users\\asim\\Desktop\\MovieHub\\frontend\\src\\pages\\auth\\Register.jsx","statementMap":{"0":{"start":{"line":8,"column":17},"end":{"line":157,"column":null}},"1":{"start":{"line":9,"column":32},"end":{"line":9,"column":null}},"2":{"start":{"line":10,"column":30},"end":{"line":10,"column":null}},"3":{"start":{"line":11,"column":40},"end":{"line":11,"column":null}},"4":{"start":{"line":12,"column":10},"end":{"line":12,"column":null}},"5":{"start":{"line":14,"column":25},"end":{"line":32,"column":null}},"6":{"start":{"line":15,"column":8},"end":{"line":15,"column":null}},"7":{"start":{"line":16,"column":8},"end":{"line":16,"column":null}},"8":{"start":{"line":18,"column":26},"end":{"line":20,"column":null}},"9":{"start":{"line":22,"column":8},"end":{"line":31,"column":null}},"10":{"start":{"line":23,"column":12},"end":{"line":23,"column":null}},"11":{"start":{"line":24,"column":12},"end":{"line":24,"column":null}},"12":{"start":{"line":25,"column":12},"end":{"line":25,"column":null}},"13":{"start":{"line":25,"column":29},"end":{"line":25,"column":49}},"14":{"start":{"line":27,"column":33},"end":{"line":27,"column":null}},"15":{"start":{"line":28,"column":12},"end":{"line":28,"column":null}},"16":{"start":{"line":30,"column":12},"end":{"line":30,"column":null}},"17":{"start":{"line":34,"column":4},"end":{"line":155,"column":null}},"18":{"start":{"line":74,"column":53},"end":{"line":74,"column":null}},"19":{"start":{"line":89,"column":53},"end":{"line":89,"column":null}},"20":{"start":{"line":104,"column":53},"end":{"line":104,"column":null}},"21":{"start":{"line":107,"column":69},"end":{"line":107,"column":101}},"22":{"start":{"line":146,"column":43},"end":{"line":146,"column":null}}},"fnMap":{"0":{"name":"(anonymous_0)","decl":{"start":{"line":8,"column":17},"end":{"line":8,"column":23}},"loc":{"start":{"line":8,"column":23},"end":{"line":157,"column":null}},"line":8},"1":{"name":"(anonymous_1)","decl":{"start":{"line":14,"column":25},"end":{"line":14,"column":32}},"loc":{"start":{"line":14,"column":38},"end":{"line":32,"column":null}},"line":14},"2":{"name":"(anonymous_2)","decl":{"start":{"line":25,"column":23},"end":{"line":25,"column":29}},"loc":{"start":{"line":25,"column":29},"end":{"line":25,"column":49}},"line":25},"3":{"name":"(anonymous_3)","decl":{"start":{"line":74,"column":46},"end":{"line":74,"column":47}},"loc":{"start":{"line":74,"column":53},"end":{"line":74,"column":null}},"line":74},"4":{"name":"(anonymous_4)","decl":{"start":{"line":89,"column":46},"end":{"line":89,"column":47}},"loc":{"start":{"line":89,"column":53},"end":{"line":89,"column":null}},"line":89},"5":{"name":"(anonymous_5)","decl":{"start":{"line":104,"column":46},"end":{"line":104,"column":47}},"loc":{"start":{"line":104,"column":53},"end":{"line":104,"column":null}},"line":104},"6":{"name":"(anonymous_6)","decl":{"start":{"line":107,"column":63},"end":{"line":107,"column":69}},"loc":{"start":{"line":107,"column":69},"end":{"line":107,"column":101}},"line":107},"7":{"name":"(anonymous_7)","decl":{"start":{"line":146,"column":37},"end":{"line":146,"column":43}},"loc":{"start":{"line":146,"column":43},"end":{"line":146,"column":null}},"line":146}},"branchMap":{"0":{"loc":{"start":{"line":27,"column":33},"end":{"line":27,"column":null}},"type":"binary-expr","locations":[{"start":{"line":27,"column":33},"end":{"line":27,"column":62}},{"start":{"line":27,"column":62},"end":{"line":27,"column":93}},{"start":{"line":27,"column":93},"end":{"line":27,"column":null}}],"line":27},"1":{"loc":{"start":{"line":100,"column":42},"end":{"line":100,"column":null}},"type":"cond-expr","locations":[{"start":{"line":100,"column":57},"end":{"line":100,"column":66}},{"start":{"line":100,"column":66},"end":{"line":100,"column":null}}],"line":100},"2":{"loc":{"start":{"line":108,"column":37},"end":{"line":108,"column":null}},"type":"cond-expr","locations":[{"start":{"line":108,"column":52},"end":{"line":108,"column":75}},{"start":{"line":108,"column":75},"end":{"line":108,"column":null}}],"line":108},"3":{"loc":{"start":{"line":118,"column":29},"end":{"line":118,"column":null}},"type":"cond-expr","locations":[{"start":{"line":118,"column":39},"end":{"line":118,"column":88}},{"start":{"line":118,"column":88},"end":{"line":118,"column":null}}],"line":118}},"s":{"0":1,"1":5,"2":5,"3":5,"4":5,"5":5,"6":0,"7":0,"8":0,"9":0,"10":0,"11":0,"12":0,"13":0,"14":0,"15":0,"16":0,"17":5,"18":1,"19":0,"20":0,"21":1,"22":0},"f":{"0":5,"1":0,"2":0,"3":1,"4":0,"5":0,"6":1,"7":0},"b":{"0":[0,0,0],"1":[1,4],"2":[1,4],"3":[0,5]},"meta":{"lastBranch":4,"lastFunction":8,"lastStatement":23,"seen":{"s:8:17:157:Infinity":0,"f:8:17:8:23":0,"s:9:32:9:Infinity":1,"s:10:30:10:Infinity":2,"s:11:40:11:Infinity":3,"s:12:10:12:Infinity":4,"s:14:25:32:Infinity":5,"f:14:25:14:32":1,"s:15:8:15:Infinity":6,"s:16:8:16:Infinity":7,"s:18:26:20:Infinity":8,"s:22:8:31:Infinity":9,"s:23:12:23:Infinity":10,"s:24:12:24:Infinity":11,"s:25:12:25:Infinity":12,"f:25:23:25:29":2,"s:25:29:25:49":13,"s:27:33:27:Infinity":14,"b:27:33:27:62:27:62:27:93:27:93:27:Infinity":0,"s:28:12:28:Infinity":15,"s:30:12:30:Infinity":16,"s:34:4:155:Infinity":17,"f:74:46:74:47":3,"s:74:53:74:Infinity":18,"f:89:46:89:47":4,"s:89:53:89:Infinity":19,"b:100:57:100:66:100:66:100:Infinity":1,"f:104:46:104:47":5,"s:104:53:104:Infinity":20,"f:107:63:107:69":6,"s:107:69:107:101":21,"b:108:52:108:75:108:75:108:Infinity":2,"b:118:39:118:88:118:88:118:Infinity":3,"f:146:37:146:43":7,"s:146:43:146:Infinity":22}}}
}
